This is XeTeX, Version 3.141592653-2.6-0.999996 (MiKTeX 24.4) (preloaded format=xelatex 2025.1.12)  20 JAN 2025 16:26
entering extended mode
 restricted \write18 enabled.
 %&-line parsing enabled.
**./ex1_25spring.tex
(ex1_25spring.tex
Invalid UTF-8 byte or sequence at line 1 replaced by U+FFFD.
Invalid UTF-8 byte or sequence at line 1 replaced by U+FFFD.
Invalid UTF-8 byte or sequence at line 1 replaced by U+FFFD.
Invalid UTF-8 byte or sequence at line 1 replaced by U+FFFD.
Invalid UTF-8 byte or sequence at line 1 replaced by U+FFFD.
Invalid UTF-8 byte or sequence at line 1 replaced by U+FFFD.
Invalid UTF-8 byte or sequence at line 1 replaced by U+FFFD.
Invalid UTF-8 byte or sequence at line 1 replaced by U+FFFD.
Invalid UTF-8 byte or sequence at line 1 replaced by U+FFFD.
Invalid UTF-8 byte or sequence at line 1 replaced by U+FFFD.
Invalid UTF-8 byte or sequence at line 1 replaced by U+FFFD.
Invalid UTF-8 byte or sequence at line 1 replaced by U+FFFD.
Invalid UTF-8 byte or sequence at line 1 replaced by U+FFFD.
Invalid UTF-8 byte or sequence at line 1 replaced by U+FFFD.
Invalid UTF-8 byte or sequence at line 1 replaced by U+FFFD.
Invalid UTF-8 byte or sequence at line 1 replaced by U+FFFD.
Invalid UTF-8 byte or sequence at line 1 replaced by U+FFFD.
Invalid UTF-8 byte or sequence at line 1 replaced by U+FFFD.
Invalid UTF-8 byte or sequence at line 1 replaced by U+FFFD.
Invalid UTF-8 byte or sequence at line 1 replaced by U+FFFD.
Invalid UTF-8 byte or sequence at line 1 replaced by U+FFFD.
Invalid UTF-8 byte or sequence at line 1 replaced by U+FFFD.
Invalid UTF-8 byte or sequence at line 1 replaced by U+FFFD.
Invalid UTF-8 byte or sequence at line 1 replaced by U+FFFD.
Invalid UTF-8 byte or sequence at line 1 replaced by U+FFFD.
Invalid UTF-8 byte or sequence at line 1 replaced by U+FFFD.
Invalid UTF-8 byte or sequence at line 1 replaced by U+FFFD.
Invalid UTF-8 byte or sequence at line 1 replaced by U+FFFD.
Invalid UTF-8 byte or sequence at line 1 replaced by U+FFFD.
Invalid UTF-8 byte or sequence at line 1 replaced by U+FFFD.
Invalid UTF-8 byte or sequence at line 1 replaced by U+FFFD.
Invalid UTF-8 byte or sequence at line 1 replaced by U+FFFD.
Invalid UTF-8 byte or sequence at line 1 replaced by U+FFFD.
Invalid UTF-8 byte or sequence at line 1 replaced by U+FFFD.
Invalid UTF-8 byte or sequence at line 1 replaced by U+FFFD.
Invalid UTF-8 byte or sequence at line 1 replaced by U+FFFD.
Invalid UTF-8 byte or sequence at line 1 replaced by U+FFFD.
Invalid UTF-8 byte or sequence at line 1 replaced by U+FFFD.
Invalid UTF-8 byte or sequence at line 1 replaced by U+FFFD.
Invalid UTF-8 byte or sequence at line 1 replaced by U+FFFD.
Invalid UTF-8 byte or sequence at line 1 replaced by U+FFFD.
Invalid UTF-8 byte or sequence at line 1 replaced by U+FFFD.
Invalid UTF-8 byte or sequence at line 1 replaced by U+FFFD.
Invalid UTF-8 byte or sequence at line 1 replaced by U+FFFD.
Invalid UTF-8 byte or sequence at line 1 replaced by U+FFFD.
Invalid UTF-8 byte or sequence at line 1 replaced by U+FFFD.
Invalid UTF-8 byte or sequence at line 1 replaced by U+FFFD.
Invalid UTF-8 byte or sequence at line 1 replaced by U+FFFD.
Invalid UTF-8 byte or sequence at line 1 replaced by U+FFFD.
Invalid UTF-8 byte or sequence at line 1 replaced by U+FFFD.
Invalid UTF-8 byte or sequence at line 1 replaced by U+FFFD.
Invalid UTF-8 byte or sequence at line 1 replaced by U+FFFD.
Invalid UTF-8 byte or sequence at line 1 replaced by U+FFFD.
Invalid UTF-8 byte or sequence at line 1 replaced by U+FFFD.
Invalid UTF-8 byte or sequence at line 1 replaced by U+FFFD.
Invalid UTF-8 byte or sequence at line 1 replaced by U+FFFD.
Invalid UTF-8 byte or sequence at line 1 replaced by U+FFFD.
Invalid UTF-8 byte or sequence at line 1 replaced by U+FFFD.
Invalid UTF-8 byte or sequence at line 1 replaced by U+FFFD.
Invalid UTF-8 byte or sequence at line 1 replaced by U+FFFD.
Invalid UTF-8 byte or sequence at line 1 replaced by U+FFFD.
Invalid UTF-8 byte or sequence at line 1 replaced by U+FFFD.
Invalid UTF-8 byte or sequence at line 1 replaced by U+FFFD.
Invalid UTF-8 byt